\BOOKMARK [0][-]{chapter.1}{\376\377\000R\000e\000l\000e\000a\000s\000e\000\040\000N\000o\000t\000e\000s\000\040\000a\000n\000d\000\040\000N\000o\000t\000i\000c\000e\000s}{}% 1
\BOOKMARK [1][-]{section.1.1}{\376\377\000V\000e\000r\000s\000i\000o\000n\000\040\0000\000.\0000\000.\0002}{chapter.1}% 2
\BOOKMARK [1][-]{section.1.2}{\376\377\000O\000l\000d\000e\000r\000\040\000V\000e\000r\000s\000i\000o\000n\000s}{chapter.1}% 3
\BOOKMARK [1][-]{section.1.3}{\376\377\000K\000n\000o\000w\000n\000\040\000a\000n\000d\000\040\000C\000o\000r\000r\000e\000c\000t\000e\000d\000\040\000I\000s\000s\000u\000e\000s}{chapter.1}% 4
\BOOKMARK [0][-]{chapter.2}{\376\377\000I\000n\000t\000r\000o\000d\000u\000c\000t\000i\000o\000n}{}% 5
\BOOKMARK [1][-]{section.2.1}{\376\377\000R\000e\000v\000o\000l\000u\000t}{chapter.2}% 6
\BOOKMARK [0][-]{chapter.3}{\376\377\000H\000o\000w\000\040\000i\000t\000\040\000W\000o\000r\000k\000s}{}% 7
\BOOKMARK [1][-]{section.3.1}{\376\377\000E\000x\000a\000m\000p\000l\000e}{chapter.3}% 8
\BOOKMARK [0][-]{chapter.4}{\376\377\000P\000r\000o\000o\000f\000\040\000o\000f\000\040\000C\000o\000n\000c\000e\000p\000t}{}% 9
\BOOKMARK [0][-]{chapter.5}{\376\377\000A\000c\000c\000o\000u\000n\000t\000\040\000B\000a\000l\000a\000n\000c\000e\000s}{}% 10
\BOOKMARK [1][-]{section.5.1}{\376\377\000W\000I\000T\000\040\000A\000c\000c\000o\000u\000n\000t\000\050\000s\000\051}{chapter.5}% 11
\BOOKMARK [1][-]{section.5.2}{\376\377\000W\000R\000T\000\040\000A\000c\000c\000o\000u\000n\000t\000\050\000s\000\051}{chapter.5}% 12
\BOOKMARK [1][-]{section.5.3}{\376\377\000W\000I\000N\000\040\000A\000c\000c\000o\000u\000n\000t\000\050\000s\000\051}{chapter.5}% 13
\BOOKMARK [0][-]{chapter.6}{\376\377\000G\000e\000t\000t\000i\000n\000g\000\040\000S\000t\000a\000r\000t\000e\000d}{}% 14
\BOOKMARK [1][-]{section.6.1}{\376\377\000S\000t\000e\000p\000\040\0001\000\040\000-\000\040\000R\000e\000v\000o\000l\000u\000t\000\040\000A\000c\000c\000o\000u\000n\000t\000\040\000C\000r\000e\000a\000t\000i\000o\000n}{chapter.6}% 15
\BOOKMARK [1][-]{section.6.2}{\376\377\000S\000t\000e\000p\000\040\0002\000\040\000-\000\040\000T\000o\000p\000-\000U\000p\000\040\000\046\000\040\000V\000i\000r\000t\000u\000a\000l\000\040\000C\000a\000r\000d}{chapter.6}% 16
\BOOKMARK [1][-]{section.6.3}{\376\377\000S\000t\000e\000p\000\040\0003\000\040\000-\000\040\000B\000a\000l\000a\000n\000c\000e\000\040\000C\000o\000n\000f\000i\000r\000m\000a\000t\000i\000o\000n}{chapter.6}% 17
\BOOKMARK [1][-]{section.6.4}{\376\377\000S\000t\000e\000p\000\040\0004\000\040\000-\000\040\000P\000r\000o\000c\000e\000s\000s\000i\000n\000g\000\040\000\046\000\040\000C\000o\000m\000p\000l\000e\000t\000i\000o\000n}{chapter.6}% 18
\BOOKMARK [0][-]{chapter.7}{\376\377\000T\000e\000r\000m\000s\000\040\000\046\000\040\000C\000o\000n\000d\000i\000t\000i\000o\000n\000s}{}% 19
\BOOKMARK [0][-]{chapter.8}{\376\377\000D\000o\000c\000u\000m\000e\000n\000t\000\040\000A\000u\000t\000h\000o\000r\000\050\000s\000\051\000:}{}% 20
\BOOKMARK [1][-]{section.8.1}{\376\377\000S\000i\000\364\000n\000\040\000H\000.\000\040\000B\000u\000c\000k\000l\000e\000r}{chapter.8}% 21
