\BOOKMARK [0][-]{chapter.1}{\376\377\000R\000e\000l\000e\000a\000s\000e\000\040\000N\000o\000t\000e\000s\000\040\000a\000n\000d\000\040\000N\000o\000t\000i\000c\000e\000s}{}% 1
\BOOKMARK [1][-]{section.1.1}{\376\377\000V\000e\000r\000s\000i\000o\000n\000\040\0000\000.\0000\000.\0001}{chapter.1}% 2
\BOOKMARK [1][-]{section.1.2}{\376\377\000K\000n\000o\000w\000n\000\040\000a\000n\000d\000\040\000C\000o\000r\000r\000e\000c\000t\000e\000d\000\040\000I\000s\000s\000u\000e\000s}{chapter.1}% 3
\BOOKMARK [1][-]{section.1.3}{\376\377\000R\000e\000c\000e\000n\000t\000l\000y\000\040\000U\000p\000d\000a\000t\000e\000d\000\040\000T\000o\000p\000i\000c\000s}{chapter.1}% 4
\BOOKMARK [0][-]{chapter.2}{\376\377\000B\000a\000c\000k\000g\000r\000o\000u\000n\000d}{}% 5
\BOOKMARK [0][-]{chapter.3}{\376\377\000D\000e\000f\000i\000n\000i\000t\000i\000o\000n\000s}{}% 6
\BOOKMARK [1][-]{section.3.1}{\376\377\000D\000o\000c\000u\000m\000e\000n\000t\000a\000t\000i\000o\000n}{chapter.3}% 7
\BOOKMARK [1][-]{section.3.2}{\376\377\000E\000n\000d\000\040\000U\000s\000e\000r}{chapter.3}% 8
\BOOKMARK [1][-]{section.3.3}{\376\377\000E\000x\000e\000c\000u\000t\000a\000b\000l\000e\000\040\000C\000o\000d\000e}{chapter.3}% 9
\BOOKMARK [1][-]{section.3.4}{\376\377\000F\000e\000e\000s}{chapter.3}% 10
\BOOKMARK [1][-]{section.3.5}{\376\377\000M\000a\000r\000k\000s}{chapter.3}% 11
\BOOKMARK [1][-]{section.3.6}{\376\377\000M\000a\000s\000t\000e\000r\000\040\000C\000o\000p\000y}{chapter.3}% 12
\BOOKMARK [1][-]{section.3.7}{\376\377\000M\000o\000d\000u\000l\000e}{chapter.3}% 13
\BOOKMARK [1][-]{section.3.8}{\376\377\000P\000r\000o\000d\000u\000c\000t\000s}{chapter.3}% 14
\BOOKMARK [1][-]{section.3.9}{\376\377\000P\000r\000o\000p\000r\000i\000e\000t\000a\000r\000y\000\040\000N\000o\000t\000i\000c\000e\000s}{chapter.3}% 15
\BOOKMARK [1][-]{section.3.10}{\376\377\000R\000e\000g\000i\000s\000t\000e\000r\000e\000d\000\040\000E\000n\000d\000\040\000U\000s\000e\000r\000s}{chapter.3}% 16
\BOOKMARK [1][-]{section.3.11}{\376\377\000S\000e\000a\000t}{chapter.3}% 17
\BOOKMARK [1][-]{section.3.12}{\376\377\000S\000e\000r\000v\000e\000r}{chapter.3}% 18
\BOOKMARK [1][-]{section.3.13}{\376\377\000S\000e\000r\000v\000i\000c\000e\000s}{chapter.3}% 19
\BOOKMARK [1][-]{section.3.14}{\376\377\000S\000o\000f\000t\000w\000a\000r\000e}{chapter.3}% 20
\BOOKMARK [1][-]{section.3.15}{\376\377\000S\000o\000u\000r\000c\000e\000\040\000C\000o\000d\000e}{chapter.3}% 21
\BOOKMARK [1][-]{section.3.16}{\376\377\000T\000e\000r\000m}{chapter.3}% 22
\BOOKMARK [1][-]{section.3.17}{\376\377\000R\000e\000g\000i\000o\000n}{chapter.3}% 23
\BOOKMARK [0][-]{chapter.4}{\376\377\000G\000r\000a\000n\000t\000\040\000o\000f\000\040\000N\000o\000n\000-\000E\000x\000c\000l\000u\000s\000i\000v\000e\000\040\000R\000i\000g\000h\000t\000\040\000\046\000\040\000L\000i\000c\000e\000n\000c\000e}{}% 24
\BOOKMARK [1][-]{section.4.1}{\376\377\000G\000r\000a\000n\000t\000\040\000o\000f\000\040\000L\000i\000c\000e\000n\000c\000e}{chapter.4}% 25
\BOOKMARK [1][-]{section.4.2}{\376\377\000S\000p\000e\000c\000i\000a\000l\000\040\000P\000e\000r\000m\000i\000s\000s\000i\000o\000n\000\050\000s\000\051\000\040\000R\000e\000q\000u\000e\000s\000t\000\040\000P\000r\000o\000c\000e\000s\000s}{chapter.4}% 26
\BOOKMARK [1][-]{section.4.3}{\376\377\000R\000e\000s\000e\000r\000v\000a\000t\000i\000o\000n\000\040\000o\000f\000\040\000R\000i\000g\000h\000t\000s}{chapter.4}% 27
\BOOKMARK [0][-]{chapter.5}{\376\377\000M\000a\000i\000n\000t\000e\000n\000a\000n\000c\000e\000\040\000S\000e\000r\000v\000i\000c\000e\000s}{}% 28
\BOOKMARK [1][-]{section.5.1}{\376\377\000N\000e\000w\000\040\000R\000e\000l\000e\000a\000s\000e\000s}{chapter.5}% 29
\BOOKMARK [1][-]{section.5.2}{\376\377\000E\000r\000r\000o\000r\000\040\000C\000o\000r\000r\000e\000c\000t\000i\000o\000n}{chapter.5}% 30
\BOOKMARK [1][-]{section.5.3}{\376\377\000H\000e\000l\000p\000\040\000D\000e\000s\000k}{chapter.5}% 31
\BOOKMARK [1][-]{section.5.4}{\376\377\000C\000o\000m\000p\000a\000n\000y\000\040\000S\000u\000p\000p\000o\000r\000t}{chapter.5}% 32
\BOOKMARK [0][-]{chapter.6}{\376\377\000A\000d\000d\000i\000t\000i\000o\000n\000a\000l\000\040\000R\000e\000s\000p\000o\000n\000s\000i\000b\000i\000l\000i\000t\000i\000e\000s}{}% 33
\BOOKMARK [1][-]{section.6.1}{\376\377\000D\000e\000l\000i\000v\000e\000r\000y\000\040\000o\000f\000\040\000P\000r\000o\000d\000u\000c\000t\000s}{chapter.6}% 34
\BOOKMARK [1][-]{section.6.2}{\376\377\000T\000r\000a\000i\000n\000i\000n\000g\000\040\000S\000e\000r\000v\000i\000c\000e\000s}{chapter.6}% 35
\BOOKMARK [1][-]{section.6.3}{\376\377\000A\000d\000d\000i\000t\000i\000o\000n\000a\000l\000\040\000S\000e\000r\000v\000i\000c\000e\000s}{chapter.6}% 36
\BOOKMARK [0][-]{chapter.7}{\376\377\000L\000i\000c\000e\000n\000c\000e\000\040\000F\000e\000e\000s\000\040\000\046\000\040\000P\000a\000y\000m\000e\000n\000t}{}% 37
\BOOKMARK [1][-]{section.7.1}{\376\377\000L\000i\000c\000e\000n\000c\000e\000\040\000F\000e\000e}{chapter.7}% 38
\BOOKMARK [1][-]{section.7.2}{\376\377\000T\000i\000m\000i\000n\000g\000\040\000o\000f\000\040\000P\000a\000y\000m\000e\000n\000t\000s}{chapter.7}% 39
\BOOKMARK [1][-]{section.7.3}{\376\377\000A\000u\000d\000i\000t}{chapter.7}% 40
\BOOKMARK [1][-]{section.7.4}{\376\377\000E\000x\000p\000e\000n\000s\000e}{chapter.7}% 41
\BOOKMARK [1][-]{section.7.5}{\376\377\000D\000e\000l\000i\000n\000q\000u\000e\000n\000t\000\040\000A\000c\000c\000o\000u\000n\000t\000s}{chapter.7}% 42
\BOOKMARK [1][-]{section.7.6}{\376\377\000P\000a\000y\000m\000e\000n\000t\000\040\000i\000n\000\040\000G\000r\000e\000a\000t\000\040\000B\000r\000i\000t\000i\000s\000h\000\040\000P\000o\000u\000n\000d\000\040\000S\000t\000e\000r\000l\000i\000n\000g\000\040\000\050\000G\000B\000P\000\051}{chapter.7}% 43
\BOOKMARK [1][-]{section.7.7}{\376\377\000T\000a\000x\000e\000s}{chapter.7}% 44
\BOOKMARK [0][-]{chapter.8}{\376\377\000D\000i\000s\000t\000r\000i\000b\000u\000t\000i\000o\000n\000\040\000a\000n\000d\000\040\000P\000a\000c\000k\000a\000g\000i\000n\000g}{}% 45
\BOOKMARK [1][-]{section.8.1}{\376\377\000G\000e\000n\000e\000r\000a\000l\000l\000y}{chapter.8}% 46
\BOOKMARK [1][-]{section.8.2}{\376\377\000E\000n\000d\000\040\000U\000s\000e\000r}{chapter.8}% 47
\BOOKMARK [1][-]{section.8.3}{\376\377\000A\000l\000p\000h\000a\000/\000\040\000B\000e\000t\000a\000\040\000R\000e\000l\000e\000a\000s\000e\000s}{chapter.8}% 48
\BOOKMARK [0][-]{chapter.9}{\376\377\000C\000o\000m\000p\000l\000i\000a\000n\000c\000e\000\040\000w\000i\000t\000h\000\040\000L\000a\000w\000s}{}% 49
\BOOKMARK [0][-]{chapter.10}{\376\377\000A\000d\000d\000i\000t\000i\000o\000n\000a\000l\000\040\000R\000e\000s\000p\000o\000n\000s\000i\000b\000i\000l\000i\000t\000i\000e\000s\000\040\000o\000f\000\040\000D\000i\000s\000t\000r\000i\000b\000u\000t\000o\000r}{}% 50
\BOOKMARK [1][-]{section.10.1}{\376\377\000A\000n\000n\000u\000a\000l\000\040\000S\000t\000a\000t\000u\000s\000\040\000R\000e\000p\000o\000r\000t}{chapter.10}% 51
\BOOKMARK [1][-]{section.10.2}{\376\377\000A\000n\000n\000u\000a\000l\000\040\000M\000a\000r\000k\000e\000t\000i\000n\000g\000\040\000I\000n\000f\000o\000r\000m\000a\000t\000i\000o\000n}{chapter.10}% 52
\BOOKMARK [1][-]{section.10.3}{\376\377\000T\000r\000a\000v\000e\000l\000\040\000a\000n\000d\000\040\000R\000e\000l\000a\000t\000e\000d\000\040\000E\000x\000p\000e\000n\000s\000e\000s}{chapter.10}% 53
\BOOKMARK [1][-]{section.10.4}{\376\377\000D\000i\000s\000t\000r\000i\000b\000u\000t\000o\000r\000\040\000E\000m\000p\000l\000o\000y\000e\000e\000s}{chapter.10}% 54
\BOOKMARK [1][-]{section.10.5}{\376\377\000E\000n\000d\000\040\000U\000s\000e\000r\000\040\000S\000u\000p\000p\000o\000r\000t}{chapter.10}% 55
\BOOKMARK [1][-]{section.10.6}{\376\377\000P\000r\000o\000d\000u\000c\000t\000\040\000I\000m\000p\000l\000e\000m\000e\000n\000t\000a\000t\000i\000o\000n}{chapter.10}% 56
\BOOKMARK [1][-]{section.10.7}{\376\377\000C\000o\000n\000t\000a\000c\000t\000\040\000w\000i\000t\000h\000\040\000E\000n\000d\000\040\000U\000s\000e\000r}{chapter.10}% 57
\BOOKMARK [1][-]{section.10.8}{\376\377\000E\000n\000d\000\040\000U\000s\000e\000r\000\040\000R\000e\000s\000p\000o\000n\000s\000e\000s}{chapter.10}% 58
\BOOKMARK [1][-]{section.10.9}{\376\377\000C\000o\000m\000p\000a\000n\000y\000\040\000T\000e\000c\000h\000n\000o\000l\000o\000g\000y}{chapter.10}% 59
\BOOKMARK [0][-]{chapter.11}{\376\377\000O\000w\000n\000e\000r\000s\000h\000i\000p}{}% 60
\BOOKMARK [0][-]{chapter.12}{\376\377\000T\000r\000a\000d\000e\000m\000a\000r\000k\000s}{}% 61
\BOOKMARK [1][-]{section.12.1}{\376\377\000O\000w\000n\000e\000r\000s\000h\000i\000p}{chapter.12}% 62
\BOOKMARK [1][-]{section.12.2}{\376\377\000U\000s\000e\000\040\000o\000f\000\040\000M\000a\000r\000k\000s}{chapter.12}% 63
\BOOKMARK [1][-]{section.12.3}{\376\377\000N\000o\000t\000i\000c\000e\000\040\000o\000f\000\040\000I\000n\000f\000r\000i\000n\000g\000e\000m\000e\000n\000t\000s}{chapter.12}% 64
\BOOKMARK [1][-]{section.12.4}{\376\377\000D\000i\000s\000t\000r\000i\000b\000u\000t\000o\000r\000s\000\040\000T\000r\000a\000d\000e\000m\000a\000r\000k\000s}{chapter.12}% 65
\BOOKMARK [0][-]{chapter.13}{\376\377\000N\000o\000n\000\040\000D\000i\000s\000c\000l\000o\000s\000u\000r\000e\000\040\000\046\000\040\000C\000o\000n\000f\000i\000d\000e\000n\000d\000i\000a\000l\000i\000t\000y}{}% 66
\BOOKMARK [1][-]{section.13.1}{\376\377\000D\000i\000s\000c\000l\000o\000s\000u\000r\000e}{chapter.13}% 67
\BOOKMARK [1][-]{section.13.2}{\376\377\000R\000e\000q\000u\000i\000r\000e\000m\000e\000n\000t\000\040\000o\000f\000\040\000C\000o\000n\000f\000i\000d\000e\000n\000t\000i\000a\000l\000i\000t\000y}{chapter.13}% 68
\BOOKMARK [1][-]{section.13.3}{\376\377\000S\000e\000c\000u\000r\000i\000t\000y\000\040\000M\000e\000a\000s\000u\000r\000e\000s}{chapter.13}% 69
\BOOKMARK [0][-]{chapter.14}{\376\377\000E\000q\000u\000i\000t\000a\000b\000l\000e\000\040\000R\000e\000m\000e\000d\000i\000e\000s\000\040\000\046\000\040\000S\000p\000e\000c\000i\000f\000i\000c\000\040\000P\000e\000r\000f\000o\000r\000m\000a\000n\000c\000e}{}% 70
\BOOKMARK [0][-]{chapter.15}{\376\377\000W\000a\000r\000r\000a\000n\000t\000i\000e\000s}{}% 71
\BOOKMARK [1][-]{section.15.1}{\376\377\000W\000a\000r\000r\000a\000n\000t\000i\000e\000s\000\040\000o\000f\000\040\000C\000o\000m\000p\000a\000n\000y}{chapter.15}% 72
\BOOKMARK [1][-]{section.15.2}{\376\377\000W\000a\000r\000r\000a\000n\000t\000i\000e\000s\000\040\000o\000f\000\040\000D\000i\000s\000t\000r\000i\000b\000u\000t\000o\000r}{chapter.15}% 73
\BOOKMARK [0][-]{chapter.16}{\376\377\000I\000n\000d\000e\000m\000n\000i\000f\000i\000c\000a\000t\000i\000o\000n\000\040\000G\000e\000n\000e\000r\000a\000l\000l\000y}{}% 74
\BOOKMARK [1][-]{section.16.1}{\376\377\000C\000o\000m\000p\000a\000n\000y\000\040\000I\000n\000d\000e\000m\000n\000i\000f\000i\000c\000a\000t\000i\000o\000n}{chapter.16}% 75
\BOOKMARK [1][-]{section.16.2}{\376\377\000D\000i\000s\000t\000r\000i\000b\000u\000t\000o\000r\000\040\000I\000n\000d\000e\000m\000n\000i\000f\000i\000c\000a\000t\000i\000o\000n}{chapter.16}% 76
\BOOKMARK [0][-]{chapter.17}{\376\377\000T\000e\000r\000m\000\040\000\046\000\040\000T\000e\000r\000m\000i\000n\000a\000t\000i\000o\000n}{}% 77
\BOOKMARK [1][-]{section.17.1}{\376\377\000T\000e\000r\000m}{chapter.17}% 78
\BOOKMARK [1][-]{section.17.2}{\376\377\000E\000a\000r\000l\000y\000\040\000T\000e\000r\000m\000i\000n\000a\000t\000i\000o\000n}{chapter.17}% 79
\BOOKMARK [1][-]{section.17.3}{\376\377\000T\000e\000r\000m\000i\000n\000a\000t\000i\000o\000n\000\040\000o\000f\000\040\000R\000i\000g\000h\000t\000s\000\040\000t\000o\000\040\000D\000i\000s\000t\000r\000i\000b\000u\000t\000e\000\040\000i\000n\000\040\000C\000e\000r\000t\000a\000i\000n\000\040\000C\000o\000u\000n\000t\000r\000i\000e\000s}{chapter.17}% 80
\BOOKMARK [1][-]{section.17.4}{\376\377\000O\000b\000l\000i\000g\000a\000t\000i\000o\000n\000s\000\040\000u\000p\000o\000n\000\040\000T\000e\000r\000m\000i\000n\000a\000t\000i\000o\000n}{chapter.17}% 81
\BOOKMARK [1][-]{section.17.5}{\376\377\000S\000u\000r\000v\000i\000v\000a\000l\000\040\000o\000f\000\040\000T\000e\000r\000m\000s}{chapter.17}% 82
\BOOKMARK [0][-]{chapter.18}{\376\377\000A\000r\000b\000i\000t\000r\000a\000t\000i\000o\000n}{}% 83
\BOOKMARK [0][-]{chapter.19}{\376\377\000L\000i\000m\000i\000t\000a\000t\000i\000o\000n\000\040\000o\000f\000\040\000L\000i\000a\000b\000i\000l\000i\000t\000y}{}% 84
\BOOKMARK [0][-]{chapter.20}{\376\377\000M\000i\000s\000c\000e\000l\000l\000a\000n\000i\000o\000u\000s}{}% 85
\BOOKMARK [1][-]{section.20.1}{\376\377\000E\000n\000t\000i\000r\000e\000\040\000A\000g\000r\000e\000e\000m\000e\000n\000t\000;\000\040\000A\000m\000e\000n\000d\000m\000e\000n\000t\000s}{chapter.20}% 86
\BOOKMARK [1][-]{section.20.2}{\376\377\000A\000p\000p\000l\000i\000c\000a\000b\000l\000e\000\040\000L\000a\000w}{chapter.20}% 87
\BOOKMARK [1][-]{section.20.3}{\376\377\000R\000e\000l\000a\000t\000i\000o\000n\000s\000h\000i\000p\000\040\000o\000f\000\040\000P\000a\000r\000t\000i\000e\000s}{chapter.20}% 88
\BOOKMARK [1][-]{section.20.4}{\376\377\000A\000s\000s\000i\000g\000n\000m\000e\000n\000t}{chapter.20}% 89
\BOOKMARK [1][-]{section.20.5}{\376\377\000W\000a\000i\000v\000e\000r}{chapter.20}% 90
\BOOKMARK [1][-]{section.20.6}{\376\377\000N\000o\000t\000i\000c\000e}{chapter.20}% 91
\BOOKMARK [1][-]{section.20.7}{\376\377\000F\000o\000r\000c\000e\000\040\000M\000a\000j\000e\000u\000r\000e}{chapter.20}% 92
\BOOKMARK [1][-]{section.20.8}{\376\377\000H\000e\000a\000d\000i\000n\000g\000s}{chapter.20}% 93
\BOOKMARK [1][-]{section.20.9}{\376\377\000S\000e\000v\000e\000r\000a\000b\000i\000l\000i\000t\000y}{chapter.20}% 94
\BOOKMARK [1][-]{section.20.10}{\376\377\000A\000p\000p\000e\000n\000d\000i\000x\000e\000s}{chapter.20}% 95
\BOOKMARK [0][-]{chapter.21}{\376\377\000S\000o\000u\000r\000c\000e\000\040\000C\000o\000d\000e\000\040\000E\000s\000c\000r\000o\000w}{}% 96
\BOOKMARK [1][-]{section.21.1}{\376\377\000E\000s\000c\000r\000o\000w\000\040\000E\000l\000e\000c\000t\000i\000o\000n}{chapter.21}% 97
\BOOKMARK [1][-]{section.21.2}{\376\377\000E\000s\000c\000r\000o\000w\000\040\000D\000e\000s\000p\000o\000s\000i\000t}{chapter.21}% 98
\BOOKMARK [1][-]{section.21.3}{\376\377\000R\000e\000l\000e\000a\000s\000e\000\040\000C\000o\000n\000d\000i\000t\000i\000o\000n\000s}{chapter.21}% 99
\BOOKMARK [1][-]{section.21.4}{\376\377\000E\000v\000e\000n\000t\000\040\000o\000f\000\040\000D\000e\000f\000a\000u\000l\000t}{chapter.21}% 100
\BOOKMARK [1][-]{section.21.5}{\376\377\000O\000n\000g\000o\000i\000n\000g\000\040\000O\000b\000l\000i\000g\000a\000t\000i\000o\000n\000s}{chapter.21}% 101
\BOOKMARK [1][-]{section.21.6}{\376\377\000E\000s\000c\000r\000o\000w\000\040\000F\000e\000e\000s}{chapter.21}% 102
\BOOKMARK [0][-]{chapter.22}{\376\377\000A\000P\000P\000E\000N\000D\000I\000X\000\040\000A\000\040\040\023\000\040\000D\000e\000s\000c\000r\000i\000p\000t\000i\000o\000n\000\040\000o\000f\000\040\000S\000o\000f\000t\000w\000a\000r\000e}{}% 103
\BOOKMARK [1][-]{section.22.1}{\376\377\000I\000n\000t\000r\000o\000d\000u\000c\000t\000i\000o\000n\000\040\000\050\000L\000a\000y\000m\000e\000n\000s\000\040\000T\000e\000r\000m\000s\000\051}{chapter.22}% 104
\BOOKMARK [1][-]{section.22.2}{\376\377\000T\000e\000c\000h\000n\000i\000c\000a\000l\000\040\000D\000e\000s\000c\000r\000i\000p\000t\000i\000o\000n\000\040\000\050\000S\000u\000m\000m\000a\000r\000y\000\051}{chapter.22}% 105
\BOOKMARK [0][-]{chapter.23}{\376\377\000D\000o\000c\000u\000m\000e\000n\000t\000\040\000A\000u\000t\000h\000o\000r\000\050\000s\000\051\000:}{}% 106
\BOOKMARK [1][-]{section.23.1}{\376\377\000S\000i\000\364\000n\000\040\000H\000.\000\040\000B\000u\000c\000k\000l\000e\000r}{chapter.23}% 107
